<?xml version="1.0" encoding="UTF-8"?>
<testng-results skipped="0" failed="0" total="1" passed="1">
  <reporter-output>
  </reporter-output>
  <suite name="Command line suite" duration-ms="15" started-at="2019-09-11T12:04:29Z" finished-at="2019-09-11T12:04:29Z">
    <groups>
    </groups>
    <test name="Command line test" duration-ms="15" started-at="2019-09-11T12:04:29Z" finished-at="2019-09-11T12:04:29Z">
      <class name="mavenDemoTest.MavenDemoTest.AppTest">
        <test-method status="PASS" signature="testApp()[pri:0, instance:testApp(mavenDemoTest.MavenDemoTest.AppTest)]" name="testApp" duration-ms="1" started-at="2019-09-11T17:34:29Z" finished-at="2019-09-11T17:34:29Z">
          <reporter-output>
          </reporter-output>
        </test-method> <!-- testApp -->
      </class> <!-- mavenDemoTest.MavenDemoTest.AppTest -->
    </test> <!-- Command line test -->
  </suite> <!-- Command line suite -->
</testng-results>
