<?xml version="1.0" encoding="UTF-8"?>
<!-- Generated by org.testng.reporters.JUnitXMLReporter -->
<testsuite hostname="LAPTOP-6K49AFBJ" name="Command line test" tests="2" failures="2" timestamp="11 Sep 2019 12:04:29 GMT" time="26.281" errors="0">
  <testcase name="BLRLlogin" time="1.916" classname="mavenDemoTest.MavenDemoTest.mevenLoginTest">
    <failure type="java.lang.AssertionError" message="expected [https://mistcloud.efleetsystems.com/dashboard] but found [https://mistcloud.efleetsystems.com/login]">
      <![CDATA[java.lang.AssertionError: expected [https://mistcloud.efleetsystems.com/dashboard] but found [https://mistcloud.efleetsystems.com/login]
	at mavenDemoTest.MavenDemoTest.mevenLoginTest.BLRLlogin(mevenLoginTest.java:47)
	at org.apache.maven.surefire.testng.TestNGExecutor.run(TestNGExecutor.java:77)
	at org.apache.maven.surefire.testng.TestNGDirectoryTestSuite.executeMulti(TestNGDirectoryTestSuite.java:159)
	at org.apache.maven.surefire.testng.TestNGDirectoryTestSuite.execute(TestNGDirectoryTestSuite.java:99)
	at org.apache.maven.surefire.testng.TestNGProvider.invoke(TestNGProvider.java:106)
	at org.apache.maven.surefire.util.ReflectionUtils.invokeMethodWithArray(ReflectionUtils.java:189)
	at org.apache.maven.surefire.booter.ProviderFactory$ProviderProxy.invoke(ProviderFactory.java:165)
	at org.apache.maven.surefire.booter.ProviderFactory.invokeProvider(ProviderFactory.java:85)
	at org.apache.maven.surefire.booter.ForkedBooter.runSuitesInProcess(ForkedBooter.java:115)
	at org.apache.maven.surefire.booter.ForkedBooter.main(ForkedBooter.java:75)
... Removed 30 stack frames]]>
    </failure>
  </testcase> <!-- BLRLlogin -->
  <testcase name="JMLogin" time="1.848" classname="mavenDemoTest.MavenDemoTest.mevenLoginTest">
    <failure type="java.lang.AssertionError" message="expected [https://mistcloud.efleetsystems.com/dashboard] but found [https://mistcloud.efleetsystems.com/login]">
      <![CDATA[java.lang.AssertionError: expected [https://mistcloud.efleetsystems.com/dashboard] but found [https://mistcloud.efleetsystems.com/login]
	at mavenDemoTest.MavenDemoTest.mevenLoginTest.JMLogin(mevenLoginTest.java:75)
	at org.apache.maven.surefire.testng.TestNGExecutor.run(TestNGExecutor.java:77)
	at org.apache.maven.surefire.testng.TestNGDirectoryTestSuite.executeMulti(TestNGDirectoryTestSuite.java:159)
	at org.apache.maven.surefire.testng.TestNGDirectoryTestSuite.execute(TestNGDirectoryTestSuite.java:99)
	at org.apache.maven.surefire.testng.TestNGProvider.invoke(TestNGProvider.java:106)
	at org.apache.maven.surefire.util.ReflectionUtils.invokeMethodWithArray(ReflectionUtils.java:189)
	at org.apache.maven.surefire.booter.ProviderFactory$ProviderProxy.invoke(ProviderFactory.java:165)
	at org.apache.maven.surefire.booter.ProviderFactory.invokeProvider(ProviderFactory.java:85)
	at org.apache.maven.surefire.booter.ForkedBooter.runSuitesInProcess(ForkedBooter.java:115)
	at org.apache.maven.surefire.booter.ForkedBooter.main(ForkedBooter.java:75)
... Removed 30 stack frames]]>
    </failure>
  </testcase> <!-- JMLogin -->
</testsuite> <!-- Command line test -->
